<?xml version="1.0" encoding="UTF-8"?>
<testsuite xmlns:xsi="http://www.w3.org/2001/XMLSchema-instance" xsi:noNamespaceSchemaLocation="https://maven.apache.org/surefire/maven-surefire-plugin/xsd/surefire-test-report-3.0.xsd" version="3.0" name="com.amazon.buspassmanagement.AppTest" time="0.619" tests="2" errors="0" skipped="0" failures="0">
  <properties>
[...]
</properties>
  <testcase name="testAdminLogin" classname="com.amazon.buspassmanagement.AppTest" time="0.603">
    <system-out><![CDATA[[DB] Driver Loaded Successfully....
[DB] Connection Created Successfully....
[DB] Executing SQL Query | SELECT * FROM User WHERE email = 'vman@amazon.com' AND password = '5S1g1C5XFd93zLpiFNwyyMOj+tuhgtGS8+ETXflElN0=';
[DB] SQL Query Executed...
]]></system-out>
    <system-err><![CDATA[[DB] Cannot Read the DB Config File...
]]></system-err>
  </testcase>
  <testcase name="testUserLogin" classname="com.amazon.buspassmanagement.AppTest" time="0.002">
    <system-out><![CDATA[[DB] Executing SQL Query | SELECT * FROM User WHERE email = 'vish@gmail.com' AND password = 'hYCRBwCSVDKcPPczObOXbLZmNCwfqiUY/e0xF1zI0Qg=';
[DB] SQL Query Executed...
]]></system-out>
  </testcase>
</testsuite>